<?xml version="1.0" encoding="UTF-8"?>
<testng-results skipped="0" failed="1" ignored="0" total="42" passed="41">
  <reporter-output>
  </reporter-output>
  <suite name="Suite" duration-ms="167690" started-at="2020-09-15T15:54:55 EDT" finished-at="2020-09-15T15:57:43 EDT">
    <groups>
    </groups>
    <test name="Test-Onboarding" duration-ms="137132" started-at="2020-09-15T15:54:55 EDT" finished-at="2020-09-15T15:57:13 EDT">
      <class name="test_onboarding.Onb_bodyBp_balancedPlan">
        <test-method status="PASS" signature="intiateDriver(java.lang.String)[pri:0, instance:test_onboarding.Onb_bodyBp_balancedPlan@69a3d1d]" name="intiateDriver" is-config="true" duration-ms="6243" started-at="2020-09-15T15:55:50 EDT" finished-at="2020-09-15T15:55:57 EDT">
          <params>
            <param index="0">
              <value>
                <![CDATA[https://stage2.numi.com/login]]>
              </value>
            </param>
          </params>
          <reporter-output>
          </reporter-output>
        </test-method> <!-- intiateDriver -->
        <test-method status="PASS" signature="onb_newUser_signUpforNumiClick()[pri:1, instance:test_onboarding.Onb_bodyBp_balancedPlan@69a3d1d]" name="onb_newUser_signUpforNumiClick" duration-ms="921" started-at="2020-09-15T15:55:57 EDT" finished-at="2020-09-15T15:55:57 EDT">
          <reporter-output>
          </reporter-output>
        </test-method> <!-- onb_newUser_signUpforNumiClick -->
        <test-method status="PASS" signature="onb_newUser_setUpAcctPage()[pri:2, instance:test_onboarding.Onb_bodyBp_balancedPlan@69a3d1d]" name="onb_newUser_setUpAcctPage" duration-ms="1009" started-at="2020-09-15T15:55:57 EDT" finished-at="2020-09-15T15:55:59 EDT">
          <reporter-output>
          </reporter-output>
        </test-method> <!-- onb_newUser_setUpAcctPage -->
        <test-method status="PASS" signature="onb_newUser_acctDetailsPage()[pri:3, instance:test_onboarding.Onb_bodyBp_balancedPlan@69a3d1d]" name="onb_newUser_acctDetailsPage" duration-ms="1231" started-at="2020-09-15T15:55:59 EDT" finished-at="2020-09-15T15:56:00 EDT">
          <reporter-output>
          </reporter-output>
        </test-method> <!-- onb_newUser_acctDetailsPage -->
        <test-method status="PASS" signature="onb_newUser_tellUsprofilePage()[pri:4, instance:test_onboarding.Onb_bodyBp_balancedPlan@69a3d1d]" name="onb_newUser_tellUsprofilePage" duration-ms="4183" started-at="2020-09-15T15:56:00 EDT" finished-at="2020-09-15T15:56:04 EDT">
          <reporter-output>
          </reporter-output>
        </test-method> <!-- onb_newUser_tellUsprofilePage -->
        <test-method status="PASS" signature="onb_newUser_chooseNSPlanPage()[pri:5, instance:test_onboarding.Onb_bodyBp_balancedPlan@69a3d1d]" name="onb_newUser_chooseNSPlanPage" duration-ms="1375" started-at="2020-09-15T15:56:04 EDT" finished-at="2020-09-15T15:56:05 EDT">
          <reporter-output>
          </reporter-output>
        </test-method> <!-- onb_newUser_chooseNSPlanPage -->
        <test-method status="PASS" signature="onb_newUser_chooseNsPlanListPage()[pri:6, instance:test_onboarding.Onb_bodyBp_balancedPlan@69a3d1d]" name="onb_newUser_chooseNsPlanListPage" duration-ms="310" started-at="2020-09-15T15:56:05 EDT" finished-at="2020-09-15T15:56:06 EDT">
          <reporter-output>
          </reporter-output>
        </test-method> <!-- onb_newUser_chooseNsPlanListPage -->
        <test-method status="PASS" signature="onb_newUser_stayOnTrackEMailNotifyPage()[pri:7, instance:test_onboarding.Onb_bodyBp_balancedPlan@69a3d1d]" name="onb_newUser_stayOnTrackEMailNotifyPage" duration-ms="3297" started-at="2020-09-15T15:56:06 EDT" finished-at="2020-09-15T15:56:09 EDT">
          <reporter-output>
          </reporter-output>
        </test-method> <!-- onb_newUser_stayOnTrackEMailNotifyPage -->
        <test-method status="PASS" signature="onb_newUser_connectDevicePage()[pri:8, instance:test_onboarding.Onb_bodyBp_balancedPlan@69a3d1d]" name="onb_newUser_connectDevicePage" duration-ms="1438" started-at="2020-09-15T15:56:09 EDT" finished-at="2020-09-15T15:56:10 EDT">
          <reporter-output>
          </reporter-output>
        </test-method> <!-- onb_newUser_connectDevicePage -->
        <test-method status="PASS" signature="onb_newUser_onboardingComplete()[pri:9, instance:test_onboarding.Onb_bodyBp_balancedPlan@69a3d1d]" name="onb_newUser_onboardingComplete" duration-ms="233" started-at="2020-09-15T15:56:10 EDT" finished-at="2020-09-15T15:56:11 EDT">
          <reporter-output>
          </reporter-output>
        </test-method> <!-- onb_newUser_onboardingComplete -->
        <test-method status="PASS" signature="tearDown()[pri:0, instance:test_onboarding.Onb_bodyBp_balancedPlan@69a3d1d]" name="tearDown" is-config="true" duration-ms="649" started-at="2020-09-15T15:56:11 EDT" finished-at="2020-09-15T15:56:11 EDT">
          <reporter-output>
          </reporter-output>
        </test-method> <!-- tearDown -->
      </class> <!-- test_onboarding.Onb_bodyBp_balancedPlan -->
      <class name="test_onboarding.Onb_basicDiab_backdated">
        <test-method status="PASS" signature="onboardingUpto_setUpacctPg(java.lang.String)[pri:0, instance:test_onboarding.Onb_basicDiab_backdated@4b553d26]" name="onboardingUpto_setUpacctPg" is-config="true" duration-ms="7318" started-at="2020-09-15T15:55:20 EDT" finished-at="2020-09-15T15:55:27 EDT">
          <params>
            <param index="0">
              <value>
                <![CDATA[https://stage2.numi.com/login]]>
              </value>
            </param>
          </params>
          <reporter-output>
          </reporter-output>
        </test-method> <!-- onboardingUpto_setUpacctPg -->
        <test-method status="FAIL" signature="lessThanHundredWtLoss_DBplan_backdated()[pri:0, instance:test_onboarding.Onb_basicDiab_backdated@4b553d26]" name="lessThanHundredWtLoss_DBplan_backdated" duration-ms="21496" started-at="2020-09-15T15:55:27 EDT" finished-at="2020-09-15T15:55:49 EDT">
          <exception class="org.openqa.selenium.NoSuchElementException">
            <message>
              <![CDATA[no such element: Unable to locate element: {"method":"xpath","selector":"//h3[contains(text(),'Don’t Miss Out')]"}
  (Session info: chrome=84.0.4147.135)
For documentation on this error, please visit: https://www.seleniumhq.org/exceptions/no_such_element.html
Build info: version: '3.141.59', revision: 'e82be7d358', time: '2018-11-14T08:17:03'
System info: host: 'NFTW6MWPIT3138', ip: '10.125.88.57', os.name: 'Windows 10', os.arch: 'amd64', os.version: '10.0', java.version: '1.8.0_241'
Driver info: org.openqa.selenium.chrome.ChromeDriver
Capabilities {acceptInsecureCerts: false, browserName: chrome, browserVersion: 84.0.4147.135, chrome: {chromedriverVersion: 83.0.4103.39 (ccbf011cb2d2b..., userDataDir: C:\Users\tkannan\AppData\Lo...}, goog:chromeOptions: {debuggerAddress: localhost:51868}, javascriptEnabled: true, networkConnectionEnabled: false, pageLoadStrategy: normal, platform: WINDOWS, platformName: WINDOWS, proxy: Proxy(), setWindowRect: true, strictFileInteractability: false, timeouts: {implicit: 0, pageLoad: 300000, script: 30000}, unhandledPromptBehavior: dismiss and notify, webauthn:virtualAuthenticators: true}
Session ID: 96b47fe48e22ca3e652630f096545179
*** Element info: {Using=xpath, value=//h3[contains(text(),'Don’t Miss Out')]}]]>
            </message>
            <full-stacktrace>
              <![CDATA[org.openqa.selenium.NoSuchElementException: no such element: Unable to locate element: {"method":"xpath","selector":"//h3[contains(text(),'Don’t Miss Out')]"}
  (Session info: chrome=84.0.4147.135)
For documentation on this error, please visit: https://www.seleniumhq.org/exceptions/no_such_element.html
Build info: version: '3.141.59', revision: 'e82be7d358', time: '2018-11-14T08:17:03'
System info: host: 'NFTW6MWPIT3138', ip: '10.125.88.57', os.name: 'Windows 10', os.arch: 'amd64', os.version: '10.0', java.version: '1.8.0_241'
Driver info: org.openqa.selenium.chrome.ChromeDriver
Capabilities {acceptInsecureCerts: false, browserName: chrome, browserVersion: 84.0.4147.135, chrome: {chromedriverVersion: 83.0.4103.39 (ccbf011cb2d2b..., userDataDir: C:\Users\tkannan\AppData\Lo...}, goog:chromeOptions: {debuggerAddress: localhost:51868}, javascriptEnabled: true, networkConnectionEnabled: false, pageLoadStrategy: normal, platform: WINDOWS, platformName: WINDOWS, proxy: Proxy(), setWindowRect: true, strictFileInteractability: false, timeouts: {implicit: 0, pageLoad: 300000, script: 30000}, unhandledPromptBehavior: dismiss and notify, webauthn:virtualAuthenticators: true}
Session ID: 96b47fe48e22ca3e652630f096545179
*** Element info: {Using=xpath, value=//h3[contains(text(),'Don’t Miss Out')]}
at sun.reflect.NativeConstructorAccessorImpl.newInstance0(Native Method)
at sun.reflect.NativeConstructorAccessorImpl.newInstance(NativeConstructorAccessorImpl.java:62)
at sun.reflect.DelegatingConstructorAccessorImpl.newInstance(DelegatingConstructorAccessorImpl.java:45)
at java.lang.reflect.Constructor.newInstance(Constructor.java:423)
at org.openqa.selenium.remote.http.W3CHttpResponseCodec.createException(W3CHttpResponseCodec.java:187)
at org.openqa.selenium.remote.http.W3CHttpResponseCodec.decode(W3CHttpResponseCodec.java:122)
at org.openqa.selenium.remote.http.W3CHttpResponseCodec.decode(W3CHttpResponseCodec.java:49)
at org.openqa.selenium.remote.HttpCommandExecutor.execute(HttpCommandExecutor.java:158)
at org.openqa.selenium.remote.service.DriverCommandExecutor.execute(DriverCommandExecutor.java:83)
at org.openqa.selenium.remote.RemoteWebDriver.execute(RemoteWebDriver.java:552)
at org.openqa.selenium.remote.RemoteWebDriver.findElement(RemoteWebDriver.java:323)
at org.openqa.selenium.remote.RemoteWebDriver.findElementByXPath(RemoteWebDriver.java:428)
at org.openqa.selenium.By$ByXPath.findElement(By.java:353)
at org.openqa.selenium.remote.RemoteWebDriver.findElement(RemoteWebDriver.java:315)
at org.openqa.selenium.support.pagefactory.DefaultElementLocator.findElement(DefaultElementLocator.java:69)
at org.openqa.selenium.support.pagefactory.internal.LocatingElementHandler.invoke(LocatingElementHandler.java:38)
at com.sun.proxy.$Proxy12.isDisplayed(Unknown Source)
at com.numi.onboarding.pages.stayOnTrackEMailNotifyPage.verify_stayOnTrackEMailNotifyPg_Heading(stayOnTrackEMailNotifyPage.java:32)
at test_onboarding.Onb_basicDiab_backdated.lessThanHundredWtLoss_DBplan_backdated(Onb_basicDiab_backdated.java:72)
at sun.reflect.NativeMethodAccessorImpl.invoke0(Native Method)
at sun.reflect.NativeMethodAccessorImpl.invoke(NativeMethodAccessorImpl.java:62)
at sun.reflect.DelegatingMethodAccessorImpl.invoke(DelegatingMethodAccessorImpl.java:43)
at java.lang.reflect.Method.invoke(Method.java:498)
at org.testng.internal.MethodInvocationHelper.invokeMethod(MethodInvocationHelper.java:133)
at org.testng.internal.TestInvoker.invokeMethod(TestInvoker.java:584)
at org.testng.internal.TestInvoker.invokeTestMethod(TestInvoker.java:172)
at org.testng.internal.MethodRunner.runInSequence(MethodRunner.java:46)
at org.testng.internal.TestInvoker$MethodInvocationAgent.invoke(TestInvoker.java:804)
at org.testng.internal.TestInvoker.invokeTestMethods(TestInvoker.java:145)
at org.testng.internal.TestMethodWorker.invokeTestMethods(TestMethodWorker.java:146)
at org.testng.internal.TestMethodWorker.run(TestMethodWorker.java:128)
at java.util.ArrayList.forEach(ArrayList.java:1257)
at org.testng.TestRunner.privateRun(TestRunner.java:770)
at org.testng.TestRunner.run(TestRunner.java:591)
at org.testng.SuiteRunner.runTest(SuiteRunner.java:402)
at org.testng.SuiteRunner.runSequentially(SuiteRunner.java:396)
at org.testng.SuiteRunner.privateRun(SuiteRunner.java:355)
at org.testng.SuiteRunner.run(SuiteRunner.java:304)
at org.testng.SuiteRunnerWorker.runSuite(SuiteRunnerWorker.java:53)
at org.testng.SuiteRunnerWorker.run(SuiteRunnerWorker.java:96)
at org.testng.TestNG.runSuitesSequentially(TestNG.java:1180)
at org.testng.TestNG.runSuitesLocally(TestNG.java:1102)
at org.testng.TestNG.runSuites(TestNG.java:1032)
at org.testng.TestNG.run(TestNG.java:1000)
at org.testng.remote.AbstractRemoteTestNG.run(AbstractRemoteTestNG.java:115)
at org.testng.remote.RemoteTestNG.initAndRun(RemoteTestNG.java:251)
at org.testng.remote.RemoteTestNG.main(RemoteTestNG.java:77)
]]>
            </full-stacktrace>
          </exception> <!-- org.openqa.selenium.NoSuchElementException -->
          <reporter-output>
          </reporter-output>
        </test-method> <!-- lessThanHundredWtLoss_DBplan_backdated -->
        <test-method status="PASS" signature="tearDown()[pri:0, instance:test_onboarding.Onb_basicDiab_backdated@4b553d26]" name="tearDown" is-config="true" duration-ms="1037" started-at="2020-09-15T15:55:49 EDT" finished-at="2020-09-15T15:55:50 EDT">
          <reporter-output>
          </reporter-output>
        </test-method> <!-- tearDown -->
      </class> <!-- test_onboarding.Onb_basicDiab_backdated -->
      <class name="test_onboarding.Onb_uniqlyYours">
        <test-method status="PASS" signature="intiateDriver()[pri:0, instance:test_onboarding.Onb_uniqlyYours@86be70a]" name="intiateDriver" is-config="true" duration-ms="3560" started-at="2020-09-15T15:56:11 EDT" finished-at="2020-09-15T15:56:15 EDT">
          <reporter-output>
          </reporter-output>
        </test-method> <!-- intiateDriver -->
        <test-method status="PASS" signature="onb_getUrl(java.lang.String)[pri:1, instance:test_onboarding.Onb_uniqlyYours@86be70a]" name="onb_getUrl" duration-ms="2097" started-at="2020-09-15T15:56:15 EDT" finished-at="2020-09-15T15:56:17 EDT">
          <params>
            <param index="0">
              <value>
                <![CDATA[https://stage2.numi.com/login]]>
              </value>
            </param>
          </params>
          <reporter-output>
          </reporter-output>
        </test-method> <!-- onb_getUrl -->
        <test-method status="PASS" signature="onb_verify_signInTitle()[pri:2, instance:test_onboarding.Onb_uniqlyYours@86be70a]" name="onb_verify_signInTitle" duration-ms="21" started-at="2020-09-15T15:56:17 EDT" finished-at="2020-09-15T15:56:17 EDT">
          <reporter-output>
          </reporter-output>
        </test-method> <!-- onb_verify_signInTitle -->
        <test-method status="PASS" signature="onb_newUser_signUpforNumiClick()[pri:3, instance:test_onboarding.Onb_uniqlyYours@86be70a]" name="onb_newUser_signUpforNumiClick" duration-ms="771" started-at="2020-09-15T15:56:17 EDT" finished-at="2020-09-15T15:56:18 EDT">
          <reporter-output>
          </reporter-output>
        </test-method> <!-- onb_newUser_signUpforNumiClick -->
        <test-method status="PASS" signature="onb_newUser_setUpAcctPage()[pri:4, instance:test_onboarding.Onb_uniqlyYours@86be70a]" name="onb_newUser_setUpAcctPage" duration-ms="1144" started-at="2020-09-15T15:56:18 EDT" finished-at="2020-09-15T15:56:19 EDT">
          <reporter-output>
          </reporter-output>
        </test-method> <!-- onb_newUser_setUpAcctPage -->
        <test-method status="PASS" signature="onb_newUser_acctDetailsPage()[pri:5, instance:test_onboarding.Onb_uniqlyYours@86be70a]" name="onb_newUser_acctDetailsPage" duration-ms="1681" started-at="2020-09-15T15:56:19 EDT" finished-at="2020-09-15T15:56:21 EDT">
          <reporter-output>
          </reporter-output>
        </test-method> <!-- onb_newUser_acctDetailsPage -->
        <test-method status="PASS" signature="onb_newUser_tellUsprofilePage()[pri:6, instance:test_onboarding.Onb_uniqlyYours@86be70a]" name="onb_newUser_tellUsprofilePage" duration-ms="4528" started-at="2020-09-15T15:56:21 EDT" finished-at="2020-09-15T15:56:25 EDT">
          <reporter-output>
          </reporter-output>
        </test-method> <!-- onb_newUser_tellUsprofilePage -->
        <test-method status="PASS" signature="onb_newUser_chooseNSPlanPage()[pri:7, instance:test_onboarding.Onb_uniqlyYours@86be70a]" name="onb_newUser_chooseNSPlanPage" duration-ms="1517" started-at="2020-09-15T15:56:25 EDT" finished-at="2020-09-15T15:56:27 EDT">
          <reporter-output>
          </reporter-output>
        </test-method> <!-- onb_newUser_chooseNSPlanPage -->
        <test-method status="PASS" signature="onb_newUser_chooseNsPlanListPage()[pri:8, instance:test_onboarding.Onb_uniqlyYours@86be70a]" name="onb_newUser_chooseNsPlanListPage" duration-ms="264" started-at="2020-09-15T15:56:27 EDT" finished-at="2020-09-15T15:56:27 EDT">
          <reporter-output>
          </reporter-output>
        </test-method> <!-- onb_newUser_chooseNsPlanListPage -->
        <test-method status="PASS" signature="onb_newUser_firstWeekStagePage()[pri:9, instance:test_onboarding.Onb_uniqlyYours@86be70a]" name="onb_newUser_firstWeekStagePage" duration-ms="1605" started-at="2020-09-15T15:56:27 EDT" finished-at="2020-09-15T15:56:28 EDT">
          <reporter-output>
          </reporter-output>
        </test-method> <!-- onb_newUser_firstWeekStagePage -->
        <test-method status="PASS" signature="onb_newUser_stayOnTrackEMailNotifyPage()[pri:10, instance:test_onboarding.Onb_uniqlyYours@86be70a]" name="onb_newUser_stayOnTrackEMailNotifyPage" duration-ms="1585" started-at="2020-09-15T15:56:28 EDT" finished-at="2020-09-15T15:56:30 EDT">
          <reporter-output>
          </reporter-output>
        </test-method> <!-- onb_newUser_stayOnTrackEMailNotifyPage -->
        <test-method status="PASS" signature="onb_newUser_connectDevicePage()[pri:11, instance:test_onboarding.Onb_uniqlyYours@86be70a]" name="onb_newUser_connectDevicePage" duration-ms="1169" started-at="2020-09-15T15:56:30 EDT" finished-at="2020-09-15T15:56:31 EDT">
          <reporter-output>
          </reporter-output>
        </test-method> <!-- onb_newUser_connectDevicePage -->
        <test-method status="PASS" signature="onb_newUser_onboardingComplete()[pri:12, instance:test_onboarding.Onb_uniqlyYours@86be70a]" name="onb_newUser_onboardingComplete" duration-ms="274" started-at="2020-09-15T15:56:31 EDT" finished-at="2020-09-15T15:56:31 EDT">
          <reporter-output>
          </reporter-output>
        </test-method> <!-- onb_newUser_onboardingComplete -->
        <test-method status="PASS" signature="tearDown()[pri:0, instance:test_onboarding.Onb_uniqlyYours@86be70a]" name="tearDown" is-config="true" duration-ms="650" started-at="2020-09-15T15:56:31 EDT" finished-at="2020-09-15T15:56:32 EDT">
          <reporter-output>
          </reporter-output>
        </test-method> <!-- tearDown -->
      </class> <!-- test_onboarding.Onb_uniqlyYours -->
      <class name="test_onboarding.Onb_coreDB_futureDated">
        <test-method status="PASS" signature="onboardingUpto_setUpacctPg(java.lang.String)[pri:0, instance:test_onboarding.Onb_coreDB_futureDated@2a556333]" name="onboardingUpto_setUpacctPg" is-config="true" duration-ms="6354" started-at="2020-09-15T15:56:50 EDT" finished-at="2020-09-15T15:56:57 EDT">
          <params>
            <param index="0">
              <value>
                <![CDATA[https://stage2.numi.com/login]]>
              </value>
            </param>
          </params>
          <reporter-output>
          </reporter-output>
        </test-method> <!-- onboardingUpto_setUpacctPg -->
        <test-method status="PASS" signature="lessThanHundredWtLoss_coreDBplan_futureDated()[pri:0, instance:test_onboarding.Onb_coreDB_futureDated@2a556333]" name="lessThanHundredWtLoss_coreDBplan_futureDated" duration-ms="15347" started-at="2020-09-15T15:56:57 EDT" finished-at="2020-09-15T15:57:12 EDT">
          <reporter-output>
          </reporter-output>
        </test-method> <!-- lessThanHundredWtLoss_coreDBplan_futureDated -->
        <test-method status="PASS" signature="tearDown()[pri:0, instance:test_onboarding.Onb_coreDB_futureDated@2a556333]" name="tearDown" is-config="true" duration-ms="650" started-at="2020-09-15T15:57:12 EDT" finished-at="2020-09-15T15:57:13 EDT">
          <reporter-output>
          </reporter-output>
        </test-method> <!-- tearDown -->
      </class> <!-- test_onboarding.Onb_coreDB_futureDated -->
      <class name="test_onboarding.Onb_basicPlan">
        <test-method status="PASS" signature="intiateDriver()[pri:0, instance:test_onboarding.Onb_basicPlan@80503]" name="intiateDriver" is-config="true" duration-ms="5003" started-at="2020-09-15T15:54:55 EDT" finished-at="2020-09-15T15:55:00 EDT">
          <reporter-output>
          </reporter-output>
        </test-method> <!-- intiateDriver -->
        <test-method status="PASS" signature="onb_getUrl(java.lang.String)[pri:1, instance:test_onboarding.Onb_basicPlan@80503]" name="onb_getUrl" duration-ms="2614" started-at="2020-09-15T15:55:00 EDT" finished-at="2020-09-15T15:55:03 EDT">
          <params>
            <param index="0">
              <value>
                <![CDATA[https://stage2.numi.com/login]]>
              </value>
            </param>
          </params>
          <reporter-output>
          </reporter-output>
        </test-method> <!-- onb_getUrl -->
        <test-method status="PASS" signature="onb_verify_signInTitle()[pri:2, instance:test_onboarding.Onb_basicPlan@80503]" name="onb_verify_signInTitle" duration-ms="18" started-at="2020-09-15T15:55:03 EDT" finished-at="2020-09-15T15:55:03 EDT">
          <reporter-output>
          </reporter-output>
        </test-method> <!-- onb_verify_signInTitle -->
        <test-method status="PASS" signature="onb_newUser_signUpforNumiClick()[pri:3, instance:test_onboarding.Onb_basicPlan@80503]" name="onb_newUser_signUpforNumiClick" duration-ms="911" started-at="2020-09-15T15:55:03 EDT" finished-at="2020-09-15T15:55:04 EDT">
          <reporter-output>
          </reporter-output>
        </test-method> <!-- onb_newUser_signUpforNumiClick -->
        <test-method status="PASS" signature="onb_newUser_setUpAcctPage()[pri:4, instance:test_onboarding.Onb_basicPlan@80503]" name="onb_newUser_setUpAcctPage" duration-ms="1096" started-at="2020-09-15T15:55:04 EDT" finished-at="2020-09-15T15:55:05 EDT">
          <reporter-output>
          </reporter-output>
        </test-method> <!-- onb_newUser_setUpAcctPage -->
        <test-method status="PASS" signature="onb_newUser_acctDetailsPage()[pri:5, instance:test_onboarding.Onb_basicPlan@80503]" name="onb_newUser_acctDetailsPage" duration-ms="1769" started-at="2020-09-15T15:55:05 EDT" finished-at="2020-09-15T15:55:07 EDT">
          <reporter-output>
          </reporter-output>
        </test-method> <!-- onb_newUser_acctDetailsPage -->
        <test-method status="PASS" signature="onb_newUser_tellUsprofilePage()[pri:6, instance:test_onboarding.Onb_basicPlan@80503]" name="onb_newUser_tellUsprofilePage" duration-ms="5240" started-at="2020-09-15T15:55:07 EDT" finished-at="2020-09-15T15:55:12 EDT">
          <reporter-output>
          </reporter-output>
        </test-method> <!-- onb_newUser_tellUsprofilePage -->
        <test-method status="PASS" signature="onb_newUser_chooseNSPlanPage()[pri:7, instance:test_onboarding.Onb_basicPlan@80503]" name="onb_newUser_chooseNSPlanPage" duration-ms="1783" started-at="2020-09-15T15:55:12 EDT" finished-at="2020-09-15T15:55:14 EDT">
          <reporter-output>
          </reporter-output>
        </test-method> <!-- onb_newUser_chooseNSPlanPage -->
        <test-method status="PASS" signature="onb_newUser_chooseNsPlanListPage()[pri:8, instance:test_onboarding.Onb_basicPlan@80503]" name="onb_newUser_chooseNsPlanListPage" duration-ms="292" started-at="2020-09-15T15:55:14 EDT" finished-at="2020-09-15T15:55:14 EDT">
          <reporter-output>
          </reporter-output>
        </test-method> <!-- onb_newUser_chooseNsPlanListPage -->
        <test-method status="PASS" signature="onb_newUser_firstWeekStagePage()[pri:9, instance:test_onboarding.Onb_basicPlan@80503]" name="onb_newUser_firstWeekStagePage" duration-ms="1813" started-at="2020-09-15T15:55:14 EDT" finished-at="2020-09-15T15:55:16 EDT">
          <reporter-output>
          </reporter-output>
        </test-method> <!-- onb_newUser_firstWeekStagePage -->
        <test-method status="PASS" signature="onb_newUser_stayOnTrackEMailNotifyPage()[pri:10, instance:test_onboarding.Onb_basicPlan@80503]" name="onb_newUser_stayOnTrackEMailNotifyPage" duration-ms="1382" started-at="2020-09-15T15:55:16 EDT" finished-at="2020-09-15T15:55:17 EDT">
          <reporter-output>
          </reporter-output>
        </test-method> <!-- onb_newUser_stayOnTrackEMailNotifyPage -->
        <test-method status="PASS" signature="onb_newUser_connectDevicePage()[pri:11, instance:test_onboarding.Onb_basicPlan@80503]" name="onb_newUser_connectDevicePage" duration-ms="1275" started-at="2020-09-15T15:55:17 EDT" finished-at="2020-09-15T15:55:19 EDT">
          <reporter-output>
          </reporter-output>
        </test-method> <!-- onb_newUser_connectDevicePage -->
        <test-method status="PASS" signature="onb_newUser_onboardingComplete()[pri:12, instance:test_onboarding.Onb_basicPlan@80503]" name="onb_newUser_onboardingComplete" duration-ms="340" started-at="2020-09-15T15:55:19 EDT" finished-at="2020-09-15T15:55:19 EDT">
          <reporter-output>
          </reporter-output>
        </test-method> <!-- onb_newUser_onboardingComplete -->
        <test-method status="PASS" signature="tearDown()[pri:0, instance:test_onboarding.Onb_basicPlan@80503]" name="tearDown" is-config="true" duration-ms="817" started-at="2020-09-15T15:55:19 EDT" finished-at="2020-09-15T15:55:20 EDT">
          <reporter-output>
          </reporter-output>
        </test-method> <!-- tearDown -->
      </class> <!-- test_onboarding.Onb_basicPlan -->
      <class name="test_onboarding.Onb_using_NSacct">
        <test-method status="PASS" signature="onboardingUpto_setUpacctPg(java.lang.String)[pri:0, instance:test_onboarding.Onb_using_NSacct@480bdb19]" name="onboardingUpto_setUpacctPg" is-config="true" duration-ms="6323" started-at="2020-09-15T15:56:32 EDT" finished-at="2020-09-15T15:56:38 EDT">
          <params>
            <param index="0">
              <value>
                <![CDATA[https://stage2.numi.com/login]]>
              </value>
            </param>
          </params>
          <reporter-output>
          </reporter-output>
        </test-method> <!-- onboardingUpto_setUpacctPg -->
        <test-method status="PASS" signature="useYrNsAccount()[pri:0, instance:test_onboarding.Onb_using_NSacct@480bdb19]" name="useYrNsAccount" duration-ms="11117" started-at="2020-09-15T15:56:38 EDT" finished-at="2020-09-15T15:56:50 EDT">
          <reporter-output>
          </reporter-output>
        </test-method> <!-- useYrNsAccount -->
        <test-method status="PASS" signature="tearDown()[pri:0, instance:test_onboarding.Onb_using_NSacct@480bdb19]" name="tearDown" is-config="true" duration-ms="660" started-at="2020-09-15T15:56:50 EDT" finished-at="2020-09-15T15:56:50 EDT">
          <reporter-output>
          </reporter-output>
        </test-method> <!-- tearDown -->
      </class> <!-- test_onboarding.Onb_using_NSacct -->
    </test> <!-- Test-Onboarding -->
    <test name="Test-Activity" duration-ms="30441" started-at="2020-09-15T15:57:13 EDT" finished-at="2020-09-15T15:57:43 EDT">
      <class name="test_activity.Act_logViaPlusSign">
        <test-method status="PASS" signature="intiateDriver()[pri:0, instance:test_activity.Act_logViaPlusSign@78186a70]" name="intiateDriver" is-config="true" duration-ms="8818" started-at="2020-09-15T15:57:25 EDT" finished-at="2020-09-15T15:57:33 EDT">
          <reporter-output>
          </reporter-output>
        </test-method> <!-- intiateDriver -->
        <test-method status="PASS" signature="LogActivityViaPlusSign()[pri:510, instance:test_activity.Act_logViaPlusSign@78186a70]" name="LogActivityViaPlusSign" duration-ms="4871" started-at="2020-09-15T15:57:33 EDT" finished-at="2020-09-15T15:57:38 EDT">
          <reporter-output>
          </reporter-output>
        </test-method> <!-- LogActivityViaPlusSign -->
        <test-method status="PASS" signature="updateLoggedActivity()[pri:511, instance:test_activity.Act_logViaPlusSign@78186a70]" name="updateLoggedActivity" duration-ms="2486" started-at="2020-09-15T15:57:38 EDT" finished-at="2020-09-15T15:57:41 EDT">
          <reporter-output>
          </reporter-output>
        </test-method> <!-- updateLoggedActivity -->
        <test-method status="PASS" signature="unLogActivity()[pri:512, instance:test_activity.Act_logViaPlusSign@78186a70]" name="unLogActivity" duration-ms="1668" started-at="2020-09-15T15:57:41 EDT" finished-at="2020-09-15T15:57:43 EDT">
          <reporter-output>
          </reporter-output>
        </test-method> <!-- unLogActivity -->
        <test-method status="PASS" signature="tearDown()[pri:0, instance:test_activity.Act_logViaPlusSign@78186a70]" name="tearDown" is-config="true" duration-ms="645" started-at="2020-09-15T15:57:43 EDT" finished-at="2020-09-15T15:57:43 EDT">
          <reporter-output>
          </reporter-output>
        </test-method> <!-- tearDown -->
      </class> <!-- test_activity.Act_logViaPlusSign -->
      <class name="test_activity.Act_quickLogAct">
        <test-method status="PASS" signature="intiateDriver()[pri:0, instance:test_activity.Act_quickLogAct@481a15ff]" name="intiateDriver" is-config="true" duration-ms="5998" started-at="2020-09-15T15:57:13 EDT" finished-at="2020-09-15T15:57:19 EDT">
          <reporter-output>
          </reporter-output>
        </test-method> <!-- intiateDriver -->
        <test-method status="PASS" signature="signIn()[pri:500, instance:test_activity.Act_quickLogAct@481a15ff]" name="signIn" duration-ms="2463" started-at="2020-09-15T15:57:19 EDT" finished-at="2020-09-15T15:57:21 EDT">
          <reporter-output>
          </reporter-output>
        </test-method> <!-- signIn -->
        <test-method status="PASS" signature="Verify_log_quickLog()[pri:501, instance:test_activity.Act_quickLogAct@481a15ff]" name="Verify_log_quickLog" duration-ms="2524" started-at="2020-09-15T15:57:21 EDT" finished-at="2020-09-15T15:57:24 EDT">
          <reporter-output>
          </reporter-output>
        </test-method> <!-- Verify_log_quickLog -->
        <test-method status="PASS" signature="Verify_unLog_quickLog()[pri:502, instance:test_activity.Act_quickLogAct@481a15ff]" name="Verify_unLog_quickLog" duration-ms="316" started-at="2020-09-15T15:57:24 EDT" finished-at="2020-09-15T15:57:24 EDT">
          <reporter-output>
          </reporter-output>
        </test-method> <!-- Verify_unLog_quickLog -->
        <test-method status="PASS" signature="tearDown()[pri:0, instance:test_activity.Act_quickLogAct@481a15ff]" name="tearDown" is-config="true" duration-ms="643" started-at="2020-09-15T15:57:24 EDT" finished-at="2020-09-15T15:57:25 EDT">
          <reporter-output>
          </reporter-output>
        </test-method> <!-- tearDown -->
      </class> <!-- test_activity.Act_quickLogAct -->
    </test> <!-- Test-Activity -->
  </suite> <!-- Suite -->
</testng-results>
